Base path: E:/Unity/Editor/Data
Pipe name: \\.\pipe\UnityShaderCompiler-4-4800
Cmd: getPlatforms
Cmd: compileSnippet
  api=5 type=0 insize=4279 outsize=1289 kw=DIRECTIONAL SHADOWS_OFF LIGHTMAP_ON DIRLIGHTMAP_ON ok=1
Cmd: compileSnippet
  api=9 type=0 insize=4279 outsize=2098 kw=DIRECTIONAL SHADOWS_SCREEN LIGHTMAP_ON DIRLIGHTMAP_ON ok=1
Cmd: compileSnippet
  api=5 type=1 insize=4279 outsize=6 kw=DIRECTIONAL SHADOWS_OFF LIGHTMAP_OFF DIRLIGHTMAP_OFF ok=1
Cmd: compileSnippet
  api=5 type=0 insize=2255 outsize=2422 kw=SPOT ok=1
Cmd: compileSnippet
  api=9 type=1 insize=2255 outsize=7 kw=SPOT ok=1
Cmd: compileSnippet
  api=9 type=0 insize=1783 outsize=805 kw= ok=1
Cmd: compileSnippet
  api=5 type=0 insize=3996 outsize=2161 kw=LIGHTMAP_ON DIRLIGHTMAP_ON HDR_LIGHT_PREPASS_OFF ok=1
Cmd: compileSnippet
  api=5 type=1 insize=3996 outsize=6 kw=LIGHTMAP_ON DIRLIGHTMAP_OFF HDR_LIGHT_PREPASS_OFF ok=1
Unhandled exception: Readfile from pipe failed. GLE=The pipe has been ended.


Quitting shader compiler process
